<?xml version="1.0" encoding="UTF-8"?>
<testng-results skipped="0" failed="0" ignored="0" total="1" passed="1">
  <reporter-output>
  </reporter-output>
  <suite name="smoke" duration-ms="21121" started-at="2022-12-05T22:40:10Z" finished-at="2022-12-05T22:40:31Z">
    <groups>
    </groups>
    <test name="addCustomerTest" duration-ms="21121" started-at="2022-12-05T22:40:10Z" finished-at="2022-12-05T22:40:31Z">
      <class name="Test.addCustomerTest">
        <test-method status="PASS" signature="monthsAddDuplicateCategoryTest(java.lang.String)[pri:0, instance:Test.addCustomerTest@675d3402]" name="monthsAddDuplicateCategoryTest" duration-ms="21089" started-at="2022-12-05T22:40:10Z" finished-at="2022-12-05T22:40:31Z">
          <params>
            <param index="0">
              <value>
                <![CDATA[Tom]]>
              </value>
            </param>
          </params>
          <reporter-output>
          </reporter-output>
        </test-method> <!-- monthsAddDuplicateCategoryTest -->
      </class> <!-- Test.addCustomerTest -->
    </test> <!-- addCustomerTest -->
  </suite> <!-- smoke -->
</testng-results>
